#
# A fatal error has been detected by the Java Runtime Environment:
#
#  SIGBUS (0x7) at pc=0x00007fa198ba6d10, pid=26700, tid=0x00007fa10d324700
#
# JRE version: Java(TM) SE Runtime Environment (8.0_202-b08) (build 1.8.0_202-b08)
# Java VM: Java HotSpot(TM) 64-Bit Server VM (25.202-b08 mixed mode linux-amd64 compressed oops)
# Problematic frame:
# C  [libzip.so+0x11d10]  newEntry.isra.4+0x60
#
# Failed to write core dump. Core dumps have been disabled. To enable core dumping, try "ulimit -c unlimited" before starting Java again
#
# If you would like to submit a bug report, please visit:
#   http://bugreport.java.com/bugreport/crash.jsp
# The crash happened outside the Java Virtual Machine in native code.
# See problematic frame for where to report the bug.
#

---------------  T H R E A D  ---------------

Current thread (0x00007fa0a401c800):  JavaThread "JobGenerator" daemon [_thread_in_native, id=26766, stack(0x00007fa10d224000,0x00007fa10d325000)]

siginfo: si_signo: 7 (SIGBUS), si_code: 2 (BUS_ADRERR), si_addr: 0x00007fa165363dad

Registers:
RAX=0x00007fa078001190, RBX=0x00007fa1942542a0, RCX=0x00007fa09c0008e8, RDX=0x00007fa078001190
RSP=0x00007fa10d320880, RBP=0x00007fa10d3208f0, RSI=0x00007fa09c029200, RDI=0x0000000000000048
R8 =0x00000000280f1b80, R9 =0x0000000000000039, R10=0x00007fa1851bc898, R11=0x00000000d88a1cd8
R12=0x0000000000444d8f, R13=0x00000000280f1b80, R14=0x00007fa078001190, R15=0x00007fa165363d8f
RIP=0x00007fa198ba6d10, EFLAGS=0x0000000000010202, CSGSFS=0x002b000000000033, ERR=0x0000000000000004
  TRAPNO=0x000000000000000e

Top of Stack: (sp=0x00007fa10d320880)
0x00007fa10d320880:   e4b7626a9ec16cdc 972763ef0d0a0a28
0x00007fa10d320890:   d82d07f61e39df63 b843fb150c79df50
0x00007fa10d3208a0:   c6efb1d563fb06cb 1cdcf6260ec0bf50
0x00007fa10d3208b0:   c4c27c41fb12ddf6 0000000099d50601
0x00007fa10d3208c0:   0000000000000039 00007fa19430f3b0
0x00007fa10d3208d0:   0000000000000039 00000000280f1b80
0x00007fa10d3208e0:   00007fa1942542a0 00007fa12c010950
0x00007fa10d3208f0:   00007fa10d320940 00007fa198ba79fe
0x00007fa10d320900:   016d18f500000039 00007fa10d320960
0x00007fa10d320910:   124632ec0c79f498 0000000000000039
0x00007fa10d320920:   00007fa0a401c9f8 00007fa10d320db8
0x00007fa10d320930:   00007fa10d320960 00007fa1942542a0
0x00007fa10d320940:   00007fa10d320da0 00007fa198b98a75
0x00007fa10d320950:   7fadb2b552971f83 354c09c800000001
0x00007fa10d320960:   636170612f67726f 6b726170732f6568
0x00007fa10d320970:   696d61657274732f 6a2f6970612f676e
0x00007fa10d320980:   6176614a2f617661 4c6d616572745344
0x00007fa10d320990:   73616c632e656b69 00000000d8890073
0x00007fa10d3209a0:   00000000839dec00 ca537ae1d7291640
0x00007fa10d3209b0:   5f6b6a4e0db1f440 85f42d140d5b8960
0x00007fa10d3209c0:   00007fa10d3214d8 00007fa185b41604
0x00007fa10d3209d0:   578073040d0a3538 715b9e480db20f10
0x00007fa10d3209e0:   66e222950db1f460 595d4ff864de71c0
0x00007fa10d3209f0:   2590a11c0dc1b450 6cbe6b330db1edb0
0x00007fa10d320a00:   00007fa10d3214d8 00007fa185688084
0x00007fa10d320a10:   00000000839de290 d9fcccc50d084640
0x00007fa10d320a20:   887b6d5c2e3364e4 00000000dad74928
0x00007fa10d320a30:   cfd41a870dc1b470 a391d5370dc1da00
0x00007fa10d320a40:   00007fa10d3214d8 00007fa185b4e3fc
0x00007fa10d320a50:   3560a7bf0db1f440 5ce9d4590d089c50
0x00007fa10d320a60:   4bb6f9250d089c90 6edb6f9e0db1ed90
0x00007fa10d320a70:   b6e51b6f0d5f9f38 647beff20d084620 

Instructions: (pc=0x00007fa198ba6d10)
0x00007fa198ba6cf0:   00 00 00 48 c7 40 28 00 00 00 00 4d 8b 24 24 0f
0x00007fa198ba6d00:   84 1b 01 00 00 4c 2b 63 28 4c 8b 7b 18 4d 01 e7
0x00007fa198ba6d10:   41 0f b7 47 1e 45 0f b7 6f 1c 45 31 e4 66 89 45
0x00007fa198ba6d20:   ca 41 0f b7 47 20 44 89 ea 66 89 45 c8 41 8b 47 

Register to memory mapping:

RAX=0x00007fa078001190 is an unknown value
RBX=0x00007fa1942542a0 is an unknown value
RCX=0x00007fa09c0008e8 is an unknown value
RDX=0x00007fa078001190 is an unknown value
RSP=0x00007fa10d320880 is pointing into the stack for thread: 0x00007fa0a401c800
RBP=0x00007fa10d3208f0 is pointing into the stack for thread: 0x00007fa0a401c800
RSI=0x00007fa09c029200 is an unknown value
RDI=0x0000000000000048 is an unknown value
R8 =0x00000000280f1b80 is an unknown value
R9 =0x0000000000000039 is an unknown value
R10=0x00007fa1851bc898 is at entry_point+88 in (nmethod*)0x00007fa1851bc6d0
R11=0x00000000d88a1cd8 is an oop
